<?xml version="1.0" encoding="UTF-8"?>
<testng-results skipped="0" failed="0" ignored="0" total="1" passed="1">
  <reporter-output>
  </reporter-output>
  <suite name="Default suite" duration-ms="1652" started-at="2019-06-23T11:56:19Z" finished-at="2019-06-23T11:56:20Z">
    <groups>
    </groups>
    <test name="Default test" duration-ms="1652" started-at="2019-06-23T11:56:19Z" finished-at="2019-06-23T11:56:20Z">
      <class name="locationList">
        <test-method status="PASS" signature="test1()[pri:0, instance:locationList@43738a82]" name="test1" duration-ms="1617" started-at="2019-06-23T11:56:19Z" finished-at="2019-06-23T11:56:20Z">
          <reporter-output>
          </reporter-output>
        </test-method> <!-- test1 -->
      </class> <!-- locationList -->
    </test> <!-- Default test -->
  </suite> <!-- Default suite -->
</testng-results>
